pb
rb
pb
ra
ra
ra
pb
rb
pb
rb
pb
pb
rb
ra
ra
pb
pb
pb
ra
pb
ra
pb
rb
ra
pb
rb
pb
pb
rb
pb
rb
pb
rb
pb
rb
pb
rb
pb
ra
pb
pb
pb
ra
pb
pb
ra
pb
pb
rb
ra
ra
pb
rb
pb
ra
pb
ra
pb
ra
pb
pb
rb
pb
rb
pb
rb
pb
rb
ra
pb
rb
pb
rb
ra
pb
rb
pb
pb
rb
pb
pb
ra
ra
pb
ra
ra
pb
pb
pb
pb
rb
ra
pb
pb
rb
pb
rb
ra
ra
pb
rb
ra
ra
pb
rb
pb
rb
pb
ra
pb
ra
pb
ra
pb
pb
rb
ra
pb
rb
pb
rb
pb
ra
ra
pb
rb
pb
rb
ra
pb
pb
rb
pb
pb
pb
pb
pb
pb
pb
pb
pb
pb
pb
pb
pb
pb
pb
pb
pb
pb
pb
pb
pb
pb
pb
pb
pb
pb
pb
pb
pb
pb
pb
pb
rra
pa
pa
pa
pa
pa
pa
pa
pa
pa
pa
pa
pa
pa
pa
pa
pa
pa
pa
pa
pa
pa
pa
pa
pa
pa
pa
pa
pa
pa
pa
pa
pa
pa
pa
pa
pa
pa
pa
pa
pa
pa
pa
pa
pa
pa
pa
pa
pa
pa
pa
pa
pa
pa
pa
pa
pa
pa
pa
pa
pa
pa
pa
pa
pa
pa
pa
pa
pa
pa
pa
pa
pa
pa
pa
pa
pa
pa
pa
pa
pa
pa
pa
pa
pa
pa
pa
pa
pa
pa
pa
pa
pa
pa
pa
pa
pa
pa
ra
ra
ra
ra
ra
ra
ra
ra
ra
ra
ra
ra
ra
ra
ra
ra
ra
ra
ra
ra
ra
ra
ra
ra
ra
ra
